<?xml version="1.0" encoding="UTF-8"?>
<!-- Generated by org.testng.reporters.JUnitReportReporter -->
<testsuite hostname="DESKTOP-BBORN83" failures="0" tests="2" name="Guru99.TestPOM" time="9.323" errors="0" timestamp="2020-01-29T17:31:03 CET" skipped="0">
  <testcase classname="Guru99.TestPOM" name="testMethod1" time="6.922"/>
  <testcase classname="Guru99.TestPOM" name="testMethod2" time="2.401"/>
</testsuite> <!-- Guru99.TestPOM -->
